<?xml version="1.0" encoding="UTF-8"?>
<!-- Generated by org.testng.reporters.JUnitReportReporter -->
<testsuite hostname="LAPTOP-OGF7ESTH" failures="0" tests="1" name="test.RegistrationFormtest" time="52.512" errors="0" timestamp="2025-03-14T11:54:29 IST" skipped="0">
  <testcase classname="test.RegistrationFormtest" name="enterfirstname" time="52.512"/>
</testsuite> <!-- test.RegistrationFormtest -->
